TN:
SF:C:\Users\Brandon\Documents\GitHub\GWCA\src\polyfills.ts
FNF:0
FNH:0
LF:0
LH:0
BRF:0
BRH:0
end_of_record
TN:
SF:C:\Users\Brandon\Documents\GitHub\GWCA\src\test.ts
FNF:0
FNH:0
DA:13,1
DA:18,1
DA:20,1
LF:3
LH:3
BRF:0
BRH:0
end_of_record
TN:
SF:C:\Users\Brandon\Documents\GitHub\GWCA\src\app\app-routing.module.ts
FNF:0
FNH:0
DA:6,1
DA:16,1
LF:2
LH:2
BRF:0
BRH:0
end_of_record
TN:
SF:C:\Users\Brandon\Documents\GitHub\GWCA\src\app\app.component.ts
FN:16,(anonymous_0)
FNF:1
FNH:1
FNDA:2,(anonymous_0)
DA:11,1
DA:12,2
DA:14,1
DA:16,2
LF:4
LH:4
BRF:0
BRH:0
end_of_record
TN:
SF:C:\Users\Brandon\Documents\GitHub\GWCA\src\app\class-storage.service.ts
FN:56,(anonymous_0)
FN:61,(anonymous_1)
FN:66,(anonymous_2)
FN:76,(anonymous_3)
FN:86,(anonymous_4)
FN:96,(anonymous_5)
FN:100,(anonymous_6)
FN:104,(anonymous_7)
FN:108,(anonymous_8)
FN:112,(anonymous_9)
FN:116,(anonymous_10)
FN:120,(anonymous_11)
FN:125,(anonymous_12)
FN:142,(anonymous_13)
FN:157,(anonymous_14)
FN:244,(anonymous_15)
FN:250,(anonymous_16)
FN:262,(anonymous_17)
FN:290,(anonymous_18)
FN:297,(anonymous_19)
FN:341,(anonymous_20)
FN:351,(anonymous_21)
FN:360,(anonymous_22)
FNF:23
FNH:15
FNDA:52,(anonymous_0)
FNDA:2,(anonymous_1)
FNDA:9,(anonymous_2)
FNDA:0,(anonymous_3)
FNDA:0,(anonymous_4)
FNDA:1,(anonymous_5)
FNDA:1,(anonymous_6)
FNDA:1,(anonymous_7)
FNDA:1,(anonymous_8)
FNDA:2,(anonymous_9)
FNDA:1,(anonymous_10)
FNDA:23,(anonymous_11)
FNDA:0,(anonymous_12)
FNDA:0,(anonymous_13)
FNDA:0,(anonymous_14)
FNDA:29,(anonymous_15)
FNDA:31,(anonymous_16)
FNDA:0,(anonymous_17)
FNDA:6,(anonymous_18)
FNDA:0,(anonymous_19)
FNDA:6,(anonymous_20)
FNDA:1,(anonymous_21)
FNDA:0,(anonymous_22)
DA:27,1
DA:32,52
DA:33,52
DA:37,52
DA:57,52
DA:62,2
DA:67,9
DA:68,9
DA:69,7
DA:72,2
DA:77,0
DA:78,0
DA:79,0
DA:82,0
DA:87,0
DA:88,0
DA:89,0
DA:91,0
DA:97,1
DA:101,1
DA:105,1
DA:109,1
DA:113,2
DA:117,1
DA:121,23
DA:128,0
DA:129,0
DA:130,0
DA:131,0
DA:134,0
DA:137,0
DA:143,0
DA:145,0
DA:147,0
DA:148,0
DA:151,0
DA:152,0
DA:156,0
DA:157,0
DA:158,0
DA:159,0
DA:160,0
DA:167,0
DA:168,0
DA:169,0
DA:170,0
DA:173,0
DA:174,0
DA:176,0
DA:177,0
DA:178,0
DA:179,0
DA:180,0
DA:181,0
DA:185,0
DA:188,0
DA:192,0
DA:196,0
DA:197,0
DA:198,0
DA:199,0
DA:205,0
DA:209,0
DA:210,0
DA:211,0
DA:212,0
DA:216,0
DA:217,0
DA:218,0
DA:219,0
DA:220,0
DA:224,0
DA:225,0
DA:226,0
DA:230,0
DA:231,0
DA:232,0
DA:245,29
DA:246,29
DA:251,31
DA:252,31
DA:253,3
DA:254,3
DA:263,0
DA:266,0
DA:267,0
DA:270,0
DA:271,0
DA:272,0
DA:273,0
DA:276,0
DA:277,0
DA:280,0
DA:281,0
DA:282,0
DA:285,0
DA:292,6
DA:293,6
DA:294,6
DA:295,6
DA:297,0
DA:299,0
DA:301,0
DA:302,0
DA:303,0
DA:304,0
DA:306,0
DA:307,0
DA:309,0
DA:310,0
DA:312,0
DA:313,0
DA:315,0
DA:316,0
DA:318,0
DA:319,0
DA:321,0
DA:322,0
DA:324,0
DA:325,0
DA:327,0
DA:328,0
DA:331,0
DA:337,6
DA:342,6
DA:343,6
DA:344,0
DA:352,1
DA:353,1
DA:361,0
DA:362,0
DA:363,0
DA:364,0
DA:365,0
DA:369,0
LF:135
LH:32
BRDA:68,0,0,7
BRDA:68,0,1,2
BRDA:78,1,0,0
BRDA:78,1,1,0
BRDA:87,2,0,0
BRDA:87,2,1,0
BRDA:147,3,0,0
BRDA:147,3,1,0
BRDA:158,4,0,0
BRDA:158,4,1,0
BRDA:169,5,0,0
BRDA:169,5,1,0
BRDA:173,6,0,0
BRDA:173,6,1,0
BRDA:195,7,0,0
BRDA:195,7,1,0
BRDA:195,7,2,0
BRDA:195,7,3,0
BRDA:195,7,4,0
BRDA:253,8,0,3
BRDA:253,8,1,0
BRDA:271,9,0,0
BRDA:271,9,1,0
BRDA:272,10,0,0
BRDA:272,10,1,0
BRDA:276,11,0,0
BRDA:276,11,1,0
BRDA:281,12,0,0
BRDA:281,12,1,0
BRDA:299,13,0,0
BRDA:299,13,1,0
BRDA:302,14,0,0
BRDA:302,14,1,0
BRDA:306,15,0,0
BRDA:306,15,1,0
BRDA:309,16,0,0
BRDA:309,16,1,0
BRDA:314,17,0,0
BRDA:314,17,1,0
BRDA:314,17,2,0
BRDA:314,17,3,0
BRDA:314,17,4,0
BRF:42
BRH:3
end_of_record
TN:
SF:C:\Users\Brandon\Documents\GitHub\GWCA\src\app\class-area\class-area.component.ts
FN:24,(anonymous_0)
FN:30,(anonymous_1)
FN:52,(anonymous_2)
FN:57,(anonymous_3)
FN:60,(anonymous_4)
FN:63,(anonymous_5)
FN:69,(anonymous_6)
FN:73,(anonymous_7)
FN:119,(anonymous_8)
FN:131,(anonymous_9)
FN:145,(anonymous_10)
FN:183,(anonymous_11)
FN:187,(anonymous_12)
FN:193,(anonymous_13)
FN:202,(anonymous_14)
FN:206,(anonymous_15)
FNF:16
FNH:10
FNDA:21,(anonymous_0)
FNDA:44,(anonymous_1)
FNDA:22,(anonymous_2)
FNDA:43,(anonymous_3)
FNDA:1,(anonymous_4)
FNDA:0,(anonymous_5)
FNDA:20,(anonymous_6)
FNDA:24,(anonymous_7)
FNDA:0,(anonymous_8)
FNDA:4,(anonymous_9)
FNDA:0,(anonymous_10)
FNDA:0,(anonymous_11)
FNDA:0,(anonymous_12)
FNDA:1,(anonymous_13)
FNDA:0,(anonymous_14)
FNDA:1,(anonymous_15)
DA:16,1
DA:19,21
DA:24,21
DA:25,21
DA:26,21
DA:27,21
DA:30,21
DA:31,44
DA:33,4
DA:39,44
DA:40,4
DA:41,4
DA:42,4
DA:53,22
DA:58,43
DA:59,43
DA:60,1
DA:61,1
DA:63,1
DA:64,0
DA:75,24
DA:80,24
DA:81,24
DA:82,24
DA:87,24
DA:93,24
DA:95,1
DA:97,1
DA:98,0
DA:100,0
DA:101,0
DA:103,1
DA:121,0
DA:122,0
DA:123,0
DA:124,0
DA:132,4
DA:133,4
DA:134,0
DA:135,0
DA:146,0
DA:148,0
DA:150,0
DA:152,0
DA:153,0
DA:154,0
DA:156,0
DA:157,0
DA:158,0
DA:160,0
DA:161,0
DA:162,0
DA:164,0
DA:165,0
DA:166,0
DA:168,0
DA:169,0
DA:170,0
DA:172,0
DA:173,0
DA:174,0
DA:177,0
DA:178,0
DA:179,0
DA:180,0
DA:183,0
DA:184,0
DA:187,0
DA:188,0
DA:194,1
DA:199,1
DA:203,0
DA:207,1
LF:73
LH:33
BRDA:31,0,0,4
BRDA:31,0,1,40
BRDA:33,1,0,2
BRDA:33,1,1,2
BRDA:39,2,0,4
BRDA:39,2,1,40
BRDA:40,3,0,4
BRDA:40,3,1,0
BRDA:59,4,0,1
BRDA:59,4,1,42
BRDA:93,5,0,1
BRDA:93,5,1,23
BRDA:97,6,0,0
BRDA:97,6,1,1
BRDA:122,7,0,0
BRDA:122,7,1,0
BRDA:151,8,0,0
BRDA:151,8,1,0
BRDA:151,8,2,0
BRDA:151,8,3,0
BRDA:151,8,4,0
BRDA:151,8,5,0
BRDA:151,8,6,0
BRF:23
BRH:12
end_of_record
TN:
SF:C:\Users\Brandon\Documents\GitHub\GWCA\src\app\class-box\class-box.component.ts
FN:29,(anonymous_0)
FN:35,(anonymous_1)
FN:56,(anonymous_2)
FN:59,(anonymous_3)
FN:66,(anonymous_4)
FN:94,(anonymous_5)
FN:96,(anonymous_6)
FN:151,(anonymous_7)
FN:162,(anonymous_8)
FN:214,(anonymous_9)
FN:218,(anonymous_10)
FN:274,(anonymous_11)
FN:304,(anonymous_12)
FN:316,(anonymous_13)
FN:327,(anonymous_14)
FN:337,(anonymous_15)
FN:377,(anonymous_16)
FN:392,(anonymous_17)
FN:410,(anonymous_18)
FN:416,(anonymous_19)
FN:436,(anonymous_20)
FN:448,(anonymous_21)
FN:452,(anonymous_22)
FN:469,(anonymous_23)
FN:473,(anonymous_24)
FN:478,(anonymous_25)
FN:484,(anonymous_26)
FNF:27
FNH:6
FNDA:7,(anonymous_0)
FNDA:0,(anonymous_1)
FNDA:3,(anonymous_2)
FNDA:3,(anonymous_3)
FNDA:0,(anonymous_4)
FNDA:0,(anonymous_5)
FNDA:0,(anonymous_6)
FNDA:0,(anonymous_7)
FNDA:0,(anonymous_8)
FNDA:0,(anonymous_9)
FNDA:0,(anonymous_10)
FNDA:0,(anonymous_11)
FNDA:0,(anonymous_12)
FNDA:0,(anonymous_13)
FNDA:0,(anonymous_14)
FNDA:0,(anonymous_15)
FNDA:0,(anonymous_16)
FNDA:0,(anonymous_17)
FNDA:0,(anonymous_18)
FNDA:0,(anonymous_19)
FNDA:0,(anonymous_20)
FNDA:0,(anonymous_21)
FNDA:0,(anonymous_22)
FNDA:1,(anonymous_23)
FNDA:1,(anonymous_24)
FNDA:4,(anonymous_25)
FNDA:0,(anonymous_26)
DA:11,1
DA:21,7
DA:29,7
DA:30,7
DA:31,7
DA:36,0
DA:37,0
DA:38,0
DA:39,0
DA:40,0
DA:41,0
DA:42,0
DA:45,0
DA:46,0
DA:47,0
DA:48,0
DA:49,0
DA:57,3
DA:58,3
DA:59,3
DA:60,3
DA:67,0
DA:71,0
DA:75,0
DA:76,0
DA:77,0
DA:78,0
DA:79,0
DA:81,0
DA:82,0
DA:83,0
DA:86,0
DA:89,0
DA:91,0
DA:94,0
DA:95,0
DA:97,0
DA:98,0
DA:100,0
DA:101,0
DA:102,0
DA:103,0
DA:104,0
DA:105,0
DA:106,0
DA:107,0
DA:108,0
DA:109,0
DA:110,0
DA:111,0
DA:112,0
DA:113,0
DA:118,0
DA:119,0
DA:120,0
DA:121,0
DA:122,0
DA:123,0
DA:124,0
DA:125,0
DA:126,0
DA:127,0
DA:128,0
DA:129,0
DA:141,0
DA:142,0
DA:147,0
DA:151,0
DA:152,0
DA:154,0
DA:155,0
DA:159,0
DA:160,0
DA:161,0
DA:162,0
DA:163,0
DA:164,0
DA:168,0
DA:169,0
DA:170,0
DA:171,0
DA:177,0
DA:181,0
DA:182,0
DA:183,0
DA:184,0
DA:188,0
DA:189,0
DA:190,0
DA:191,0
DA:192,0
DA:196,0
DA:197,0
DA:198,0
DA:202,0
DA:203,0
DA:204,0
DA:214,0
DA:215,0
DA:216,0
DA:217,0
DA:218,0
DA:219,0
DA:220,0
DA:224,0
DA:225,0
DA:226,0
DA:227,0
DA:234,0
DA:238,0
DA:239,0
DA:240,0
DA:241,0
DA:245,0
DA:246,0
DA:247,0
DA:248,0
DA:249,0
DA:253,0
DA:254,0
DA:255,0
DA:256,0
DA:257,0
DA:261,0
DA:262,0
DA:263,0
DA:264,0
DA:265,0
DA:275,0
DA:276,0
DA:277,0
DA:278,0
DA:279,0
DA:282,0
DA:283,0
DA:285,0
DA:287,0
DA:288,0
DA:291,0
DA:292,0
DA:294,0
DA:296,0
DA:297,0
DA:300,0
DA:305,0
DA:306,0
DA:307,0
DA:310,0
DA:317,0
DA:319,0
DA:320,0
DA:324,0
DA:328,0
DA:330,0
DA:331,0
DA:333,0
DA:338,0
DA:339,0
DA:340,0
DA:341,0
DA:342,0
DA:343,0
DA:344,0
DA:345,0
DA:346,0
DA:347,0
DA:348,0
DA:349,0
DA:350,0
DA:351,0
DA:352,0
DA:357,0
DA:359,0
DA:360,0
DA:362,0
DA:363,0
DA:364,0
DA:365,0
DA:366,0
DA:369,0
DA:379,0
DA:380,0
DA:382,0
DA:383,0
DA:384,0
DA:385,0
DA:388,0
DA:389,0
DA:392,0
DA:393,0
DA:394,0
DA:395,0
DA:396,0
DA:397,0
DA:398,0
DA:401,0
DA:403,0
DA:404,0
DA:411,0
DA:412,0
DA:417,0
DA:419,0
DA:420,0
DA:421,0
DA:422,0
DA:423,0
DA:426,0
DA:427,0
DA:428,0
DA:429,0
DA:430,0
DA:431,0
DA:432,0
DA:434,0
DA:436,0
DA:437,0
DA:441,0
DA:449,0
DA:453,0
DA:454,0
DA:455,0
DA:458,0
DA:459,0
DA:460,0
DA:463,0
DA:464,0
DA:465,0
DA:470,1
DA:474,1
DA:479,4
DA:480,4
DA:481,4
DA:485,0
DA:486,0
DA:488,0
DA:489,0
DA:492,0
LF:237
LH:14
BRDA:40,0,0,0
BRDA:40,0,1,0
BRDA:58,1,0,3
BRDA:58,1,1,0
BRDA:77,2,0,0
BRDA:77,2,1,0
BRDA:102,3,0,0
BRDA:102,3,1,0
BRDA:110,4,0,0
BRDA:110,4,1,0
BRDA:110,4,2,0
BRDA:110,4,3,0
BRDA:111,5,0,0
BRDA:111,5,1,0
BRDA:111,6,0,0
BRDA:111,6,1,0
BRDA:111,6,2,0
BRDA:118,7,0,0
BRDA:118,7,1,0
BRDA:126,8,0,0
BRDA:126,8,1,0
BRDA:126,8,2,0
BRDA:126,8,3,0
BRDA:127,9,0,0
BRDA:127,9,1,0
BRDA:127,10,0,0
BRDA:127,10,1,0
BRDA:127,10,2,0
BRDA:154,11,0,0
BRDA:154,11,1,0
BRDA:159,12,0,0
BRDA:159,12,1,0
BRDA:167,13,0,0
BRDA:167,13,1,0
BRDA:167,13,2,0
BRDA:167,13,3,0
BRDA:167,13,4,0
BRDA:215,14,0,0
BRDA:215,14,1,0
BRDA:223,15,0,0
BRDA:223,15,1,0
BRDA:223,15,2,0
BRDA:223,15,3,0
BRDA:223,15,4,0
BRDA:276,16,0,0
BRDA:276,16,1,0
BRDA:285,17,0,0
BRDA:285,17,1,0
BRDA:287,18,0,0
BRDA:287,18,1,0
BRDA:291,19,0,0
BRDA:291,19,1,0
BRDA:294,20,0,0
BRDA:294,20,1,0
BRDA:294,21,0,0
BRDA:294,21,1,0
BRDA:306,22,0,0
BRDA:306,22,1,0
BRDA:319,23,0,0
BRDA:319,23,1,0
BRDA:330,24,0,0
BRDA:330,24,1,0
BRDA:339,25,0,0
BRDA:339,25,1,0
BRDA:339,26,0,0
BRDA:339,26,1,0
BRDA:340,27,0,0
BRDA:340,27,1,0
BRDA:344,28,0,0
BRDA:344,28,1,0
BRDA:348,29,0,0
BRDA:348,29,1,0
BRDA:350,30,0,0
BRDA:350,30,1,0
BRDA:359,31,0,0
BRDA:359,31,1,0
BRDA:381,32,0,0
BRDA:381,32,1,0
BRDA:383,33,0,0
BRDA:383,33,1,0
BRDA:454,34,0,0
BRDA:454,34,1,0
BRDA:459,35,0,0
BRDA:459,35,1,0
BRDA:485,36,0,0
BRDA:485,36,1,0
BRDA:488,37,0,0
BRDA:488,37,1,0
BRF:88
BRH:1
end_of_record
TN:
SF:C:\Users\Brandon\Documents\GitHub\GWCA\src\app\cli\cli.component.ts
FN:48,(anonymous_0)
FN:23,(anonymous_1)
FN:51,(anonymous_2)
FN:60,(anonymous_3)
FN:64,(anonymous_4)
FN:83,(anonymous_5)
FN:98,(anonymous_6)
FN:116,(anonymous_7)
FN:151,(anonymous_8)
FN:169,(anonymous_9)
FN:184,(anonymous_10)
FN:191,(anonymous_11)
FN:207,(anonymous_12)
FN:214,(anonymous_13)
FN:228,(anonymous_14)
FN:243,(anonymous_15)
FNF:16
FNH:0
FNDA:0,(anonymous_0)
FNDA:0,(anonymous_1)
FNDA:0,(anonymous_2)
FNDA:0,(anonymous_3)
FNDA:0,(anonymous_4)
FNDA:0,(anonymous_5)
FNDA:0,(anonymous_6)
FNDA:0,(anonymous_7)
FNDA:0,(anonymous_8)
FNDA:0,(anonymous_9)
FNDA:0,(anonymous_10)
FNDA:0,(anonymous_11)
FNDA:0,(anonymous_12)
FNDA:0,(anonymous_13)
FNDA:0,(anonymous_14)
FNDA:0,(anonymous_15)
DA:17,1
DA:20,1
DA:23,1
DA:24,0
DA:25,0
DA:26,0
DA:27,0
DA:30,0
DA:31,0
DA:33,0
DA:34,0
DA:36,0
DA:37,0
DA:38,0
DA:41,0
DA:42,0
DA:43,0
DA:48,0
DA:52,0
DA:53,0
DA:54,0
DA:55,0
DA:56,0
DA:57,0
DA:65,0
DA:66,0
DA:67,0
DA:68,0
DA:69,0
DA:70,0
DA:71,0
DA:72,0
DA:73,0
DA:74,0
DA:75,0
DA:76,0
DA:77,0
DA:79,0
DA:84,0
DA:99,0
DA:100,0
DA:101,0
DA:102,0
DA:103,0
DA:106,0
DA:107,0
DA:111,0
DA:117,0
DA:118,0
DA:119,0
DA:120,0
DA:121,0
DA:122,0
DA:123,0
DA:125,0
DA:126,0
DA:127,0
DA:128,0
DA:129,0
DA:132,0
DA:133,0
DA:134,0
DA:136,0
DA:137,0
DA:138,0
DA:140,0
DA:141,0
DA:144,0
DA:152,0
DA:153,0
DA:154,0
DA:155,0
DA:156,0
DA:157,0
DA:160,0
DA:164,0
DA:170,0
DA:171,0
DA:172,0
DA:173,0
DA:174,0
DA:175,0
DA:176,0
DA:177,0
DA:178,0
DA:180,0
DA:185,0
DA:186,0
DA:192,0
DA:193,0
DA:194,0
DA:195,0
DA:196,0
DA:197,0
DA:200,0
DA:201,0
DA:208,0
DA:209,0
DA:210,0
DA:215,0
DA:217,0
DA:218,0
DA:220,0
DA:221,0
DA:223,0
DA:229,0
DA:230,0
DA:231,0
DA:232,0
DA:233,0
DA:236,0
DA:237,0
DA:244,0
DA:245,0
DA:246,0
DA:247,0
DA:250,0
DA:251,0
LF:118
LH:3
BRDA:24,0,0,0
BRDA:24,0,1,0
BRDA:26,1,0,0
BRDA:26,1,1,0
BRDA:36,2,0,0
BRDA:36,2,1,0
BRDA:41,3,0,0
BRDA:41,3,1,0
BRDA:68,4,0,0
BRDA:68,4,1,0
BRDA:68,4,2,0
BRDA:68,4,3,0
BRDA:68,4,4,0
BRDA:68,4,5,0
BRDA:68,4,6,0
BRDA:68,4,7,0
BRDA:68,4,8,0
BRDA:68,4,9,0
BRDA:100,5,0,0
BRDA:100,5,1,0
BRDA:102,6,0,0
BRDA:102,6,1,0
BRDA:120,7,0,0
BRDA:120,7,1,0
BRDA:128,8,0,0
BRDA:128,8,1,0
BRDA:128,9,0,0
BRDA:128,9,1,0
BRDA:140,10,0,0
BRDA:140,10,1,0
BRDA:153,11,0,0
BRDA:153,11,1,0
BRDA:155,12,0,0
BRDA:155,12,1,0
BRDA:196,13,0,0
BRDA:196,13,1,0
BRDA:216,14,0,0
BRDA:216,14,1,0
BRDA:216,14,2,0
BRDA:232,15,0,0
BRDA:232,15,1,0
BRDA:246,16,0,0
BRDA:246,16,1,0
BRF:43
BRH:0
end_of_record
TN:
SF:C:\Users\Brandon\Documents\GitHub\GWCA\src\app\dialog-test\dialog-test.component.ts
FN:29,(anonymous_0)
FN:33,(anonymous_1)
FN:43,(anonymous_2)
FN:52,(anonymous_3)
FN:66,(anonymous_4)
FN:80,(anonymous_5)
FN:89,(anonymous_6)
FN:99,(anonymous_7)
FN:103,(anonymous_8)
FN:107,(anonymous_9)
FN:111,(anonymous_10)
FN:121,(anonymous_11)
FN:125,(anonymous_12)
FNF:13
FNH:9
FNDA:7,(anonymous_0)
FNDA:7,(anonymous_1)
FNDA:0,(anonymous_2)
FNDA:1,(anonymous_3)
FNDA:1,(anonymous_4)
FNDA:2,(anonymous_5)
FNDA:2,(anonymous_6)
FNDA:1,(anonymous_7)
FNDA:1,(anonymous_8)
FNDA:1,(anonymous_9)
FNDA:0,(anonymous_10)
FNDA:0,(anonymous_11)
FNDA:0,(anonymous_12)
DA:11,1
DA:12,1
DA:13,1
DA:29,7
DA:30,7
DA:34,7
DA:38,7
DA:44,0
DA:45,0
DA:46,0
DA:47,0
DA:53,1
DA:54,1
DA:55,1
DA:58,0
DA:72,1
DA:75,1
DA:81,2
DA:82,1
DA:84,2
DA:85,1
DA:91,2
DA:93,2
DA:94,2
DA:95,2
DA:100,1
DA:104,1
DA:108,1
DA:122,0
DA:126,0
LF:30
LH:23
BRDA:54,0,0,1
BRDA:54,0,1,0
BRDA:54,1,0,1
BRDA:54,1,1,1
BRDA:81,2,0,1
BRDA:81,2,1,1
BRDA:84,3,0,1
BRDA:84,3,1,1
BRF:8
BRH:7
end_of_record
